<?xml version="1.0" encoding="UTF-8"?>
<!-- Generated by org.testng.reporters.JUnitReportReporter -->
<testsuite skipped="0" hostname="G1-5CD5514ZWH-L" name="Runner.TestRunner" tests="1" failures="0" timestamp="09 Dec 2020 15:20:27 GMT" time="36.550" errors="0">
  <testcase name="feature" time="36.550" classname="Runner.TestRunner"/>
</testsuite> <!-- Runner.TestRunner -->
