<?xml version="1.0" encoding="UTF-8"?>
<!-- Generated by org.testng.reporters.JUnitReportReporter -->
<testsuite skipped="0" hostname="G1-5CD5514ZWH-L" name="Stepimplementions.Learning.ActionAPI_Mouse_Keyboard" tests="1" failures="0" timestamp="17 Jun 2020 09:01:58 GMT" time="24.951" errors="0">
  <testcase name="Testmethod" time="24.951" classname="Stepimplementions.Learning.ActionAPI_Mouse_Keyboard"/>
</testsuite> <!-- Stepimplementions.Learning.ActionAPI_Mouse_Keyboard -->
