<?xml version="1.0" encoding="UTF-8"?>
<!-- Generated by org.testng.reporters.JUnitReportReporter -->
<testsuite skipped="0" hostname="G1-5CD5514ZWH-L" name="Stepimplementions.Learning.StaleElementException" tests="1" failures="0" timestamp="16 Aug 2020 18:33:43 GMT" time="65.382" errors="0">
  <testcase name="Testmethod" time="65.382" classname="Stepimplementions.Learning.StaleElementException"/>
</testsuite> <!-- Stepimplementions.Learning.StaleElementException -->
