<?xml version="1.0" encoding="UTF-8"?>
<!-- Generated by org.testng.reporters.JUnitReportReporter -->
<testsuite skipped="0" hostname="G1-5CD5514ZWH-L" name="Stepimplementions.Testclass" tests="1" failures="0" timestamp="07 Jun 2020 15:15:02 GMT" time="81.214" errors="0">
  <testcase name="Testmethod" time="81.214" classname="Stepimplementions.Testclass"/>
</testsuite> <!-- Stepimplementions.Testclass -->
