<?xml version="1.0" encoding="UTF-8"?>
<!-- Generated by org.testng.reporters.JUnitReportReporter -->
<testsuite skipped="0" hostname="G1-5CD5514ZWH-L" name="Stepimplementions.Learning.ZWebTable" tests="1" failures="0" timestamp="09 Jun 2020 09:19:39 GMT" time="43.772" errors="0">
  <testcase name="Testmethod" time="43.772" classname="Stepimplementions.Learning.ZWebTable"/>
</testsuite> <!-- Stepimplementions.Learning.ZWebTable -->
