<?xml version="1.0" encoding="UTF-8"?>
<!-- Generated by org.testng.reporters.JUnitReportReporter -->
<testsuite skipped="0" hostname="G1-5CD5514ZWH-L" name="Stepimplementions.Z_Dropdown_Autocomplete_Links" tests="1" failures="0" timestamp="08 Jun 2020 09:31:57 GMT" time="41.572" errors="0">
  <testcase name="Testmethod" time="41.572" classname="Stepimplementions.Z_Dropdown_Autocomplete_Links"/>
</testsuite> <!-- Stepimplementions.Z_Dropdown_Autocomplete_Links -->
