<?xml version="1.0" encoding="UTF-8"?>
<!-- Generated by org.testng.reporters.JUnitReportReporter -->
<testsuite skipped="0" hostname="G1-5CD5514ZWH-L" name="Stepimplementions.Learning.Z_Dropdown_Autocomplete_Links" tests="1" failures="0" timestamp="10 Jun 2020 18:17:13 GMT" time="42.062" errors="0">
  <testcase name="Testmethod" time="42.062" classname="Stepimplementions.Learning.Z_Dropdown_Autocomplete_Links"/>
</testsuite> <!-- Stepimplementions.Learning.Z_Dropdown_Autocomplete_Links -->
