<?xml version="1.0" encoding="UTF-8"?>
<!-- Generated by org.testng.reporters.JUnitReportReporter -->
<testsuite skipped="0" hostname="G1-5CD5514ZWH-L" name="Runner.TestRunner" tests="1" failures="0" timestamp="11 Dec 2020 07:08:38 GMT" time="23.516" errors="0">
  <testcase name="feature" time="23.516" classname="Runner.TestRunner"/>
</testsuite> <!-- Runner.TestRunner -->
