<?xml version="1.0" encoding="UTF-8"?>
<!-- Generated by org.testng.reporters.JUnitReportReporter -->
<testsuite skipped="0" hostname="G1-5CD5514ZWH-L" name="Util.MailSend" tests="1" failures="0" timestamp="24 May 2020 17:36:22 GMT" time="18.949" errors="0">
  <testcase name="method1" time="18.949" classname="Util.MailSend"/>
</testsuite> <!-- Util.MailSend -->
