<?xml version="1.0" encoding="UTF-8"?>
<!-- Generated by org.testng.reporters.JUnitReportReporter -->
<testsuite skipped="0" hostname="G1-5CD5514ZWH-L" name="Stepimplementions.Learning.ActionAPI_Mouse_Keyboard" tests="1" failures="0" timestamp="12 Jun 2020 18:10:47 GMT" time="35.163" errors="0">
  <testcase name="Testmethod" time="35.163" classname="Stepimplementions.Learning.ActionAPI_Mouse_Keyboard"/>
</testsuite> <!-- Stepimplementions.Learning.ActionAPI_Mouse_Keyboard -->
