<?xml version="1.0" encoding="UTF-8"?>
<!-- Generated by org.testng.reporters.JUnitReportReporter -->
<testsuite skipped="0" hostname="G1-5CD5514ZWH-L" name="Stepimplementions.Testclass" tests="1" failures="0" timestamp="27 Mar 2020 07:59:01 GMT" time="223.606" errors="0">
  <testcase name="Testmethod" time="223.606" classname="Stepimplementions.Testclass"/>
</testsuite> <!-- Stepimplementions.Testclass -->
