<?xml version="1.0" encoding="UTF-8"?>
<!-- Generated by org.testng.reporters.JUnitReportReporter -->
<testsuite skipped="0" hostname="G1-5CD5514ZWH-L" name="Runner.TestRunner" tests="1" failures="0" timestamp="21 May 2020 06:31:03 GMT" time="137.130" errors="0">
  <testcase name="feature" time="137.130" classname="Runner.TestRunner"/>
</testsuite> <!-- Runner.TestRunner -->
