<?xml version="1.0" encoding="UTF-8"?>
<!-- Generated by org.testng.reporters.JUnitReportReporter -->
<testsuite skipped="0" hostname="G1-5CD5514ZWH-L" name="Runner.TestRunner" tests="1" failures="0" timestamp="14 Jun 2020 13:36:02 GMT" time="45.031" errors="0">
  <testcase name="feature" time="45.031" classname="Runner.TestRunner"/>
</testsuite> <!-- Runner.TestRunner -->
