<?xml version="1.0" encoding="UTF-8"?>
<!-- Generated by org.testng.reporters.JUnitReportReporter -->
<testsuite skipped="0" hostname="G1-5CD5514ZWH-L" name="Stepimplementions.Test_Excel" tests="1" failures="0" timestamp="21 May 2020 18:09:21 GMT" time="24.310" errors="0">
  <testcase name="Testmethod_Excel" time="24.310" classname="Stepimplementions.Test_Excel"/>
</testsuite> <!-- Stepimplementions.Test_Excel -->
